# JRE version: OpenJDK Runtime Environment (8.0_76-b03) (build 1.8.0_76-release-b03)
# Java VM: OpenJDK 64-Bit Server VM (25.76-b03 mixed mode linux-amd64 compressed oops)
Heap:
 PSYoungGen      total 433152K, used 0K [0x00000000e0000000, 0x00000000ffe80000, 0x0000000100000000)
  eden space 342016K, 0% used [0x00000000e0000000,0x00000000e0000000,0x00000000f4e00000)
  from space 91136K, 0% used [0x00000000f4e00000,0x00000000f4e00000,0x00000000fa700000)
  to   space 87552K, 0% used [0x00000000fa900000,0x00000000fa900000,0x00000000ffe80000)
 ParOldGen       total 286720K, used 253386K [0x00000000a0000000, 0x00000000b1800000, 0x00000000e0000000)
  object space 286720K, 88% used [0x00000000a0000000,0x00000000af772830,0x00000000b1800000)
 Metaspace       used 72638K, capacity 76836K, committed 77056K, reserved 1116160K
  class space    used 8972K, capacity 9652K, committed 9728K, reserved 1048576K
GC Heap History (10 events):
Event: 636,925 GC heap after
Heap after GC invocations=56 (full 9):
 PSYoungGen      total 449024K, used 49215K [0x00000000e0000000, 0x0000000100000000, 0x0000000100000000)
  eden space 378368K, 0% used [0x00000000e0000000,0x00000000e0000000,0x00000000f7180000)
  from space 70656K, 69% used [0x00000000f7180000,0x00000000fa18ff60,0x00000000fb680000)
  to   space 72704K, 0% used [0x00000000fb900000,0x00000000fb900000,0x0000000100000000)
 ParOldGen       total 286720K, used 156632K [0x00000000a0000000, 0x00000000b1800000, 0x00000000e0000000)
  object space 286720K, 54% used [0x00000000a0000000,0x00000000a98f6328,0x00000000b1800000)
 Metaspace       used 72637K, capacity 76836K, committed 77056K, reserved 1116160K
  class space    used 8972K, capacity 9652K, committed 9728K, reserved 1048576K
}
Event: 637,395 GC heap before
{Heap before GC invocations=57 (full 9):
 PSYoungGen      total 449024K, used 427583K [0x00000000e0000000, 0x0000000100000000, 0x0000000100000000)
  eden space 378368K, 100% used [0x00000000e0000000,0x00000000f7180000,0x00000000f7180000)
  from space 70656K, 69% used [0x00000000f7180000,0x00000000fa18ff60,0x00000000fb680000)
  to   space 72704K, 0% used [0x00000000fb900000,0x00000000fb900000,0x0000000100000000)
 ParOldGen       total 286720K, used 156632K [0x00000000a0000000, 0x00000000b1800000, 0x00000000e0000000)
  object space 286720K, 54% used [0x00000000a0000000,0x00000000a98f6328,0x00000000b1800000)
 Metaspace       used 72638K, capacity 76836K, committed 77056K, reserved 1116160K
  class space    used 8972K, capacity 9652K, committed 9728K, reserved 1048576K
Event: 637,732 GC heap after
Heap after GC invocations=57 (full 9):
 PSYoungGen      total 437248K, used 64222K [0x00000000e0000000, 0x0000000100000000, 0x0000000100000000)
  eden space 364544K, 0% used [0x00000000e0000000,0x00000000e0000000,0x00000000f6400000)
  from space 72704K, 88% used [0x00000000fb900000,0x00000000ff7b7890,0x0000000100000000)
  to   space 79872K, 0% used [0x00000000f6400000,0x00000000f6400000,0x00000000fb200000)
 ParOldGen       total 286720K, used 182816K [0x00000000a0000000, 0x00000000b1800000, 0x00000000e0000000)
  object space 286720K, 63% used [0x00000000a0000000,0x00000000ab2883b0,0x00000000b1800000)
 Metaspace       used 72638K, capacity 76836K, committed 77056K, reserved 1116160K
  class space    used 8972K, capacity 9652K, committed 9728K, reserved 1048576K
}
Event: 638,499 GC heap before
{Heap before GC invocations=58 (full 9):
 PSYoungGen      total 437248K, used 428766K [0x00000000e0000000, 0x0000000100000000, 0x0000000100000000)
  eden space 364544K, 100% used [0x00000000e0000000,0x00000000f6400000,0x00000000f6400000)
  from space 72704K, 88% used [0x00000000fb900000,0x00000000ff7b7890,0x0000000100000000)
  to   space 79872K, 0% used [0x00000000f6400000,0x00000000f6400000,0x00000000fb200000)
 ParOldGen       total 286720K, used 182816K [0x00000000a0000000, 0x00000000b1800000, 0x00000000e0000000)
  object space 286720K, 63% used [0x00000000a0000000,0x00000000ab2883b0,0x00000000b1800000)
 Metaspace       used 72638K, capacity 76836K, committed 77056K, reserved 1116160K
  class space    used 8972K, capacity 9652K, committed 9728K, reserved 1048576K
Event: 638,529 GC heap after
Heap after GC invocations=58 (full 9):
 PSYoungGen      total 429568K, used 64682K [0x00000000e0000000, 0x0000000100000000, 0x0000000100000000)
  eden space 364544K, 0% used [0x00000000e0000000,0x00000000e0000000,0x00000000f6400000)
  from space 65024K, 99% used [0x00000000f6400000,0x00000000fa32abb8,0x00000000fa380000)
  to   space 85504K, 0% used [0x00000000fac80000,0x00000000fac80000,0x0000000100000000)
 ParOldGen       total 286720K, used 206521K [0x00000000a0000000, 0x00000000b1800000, 0x00000000e0000000)
  object space 286720K, 72% used [0x00000000a0000000,0x00000000ac9ae610,0x00000000b1800000)
 Metaspace       used 72638K, capacity 76836K, committed 77056K, reserved 1116160K
  class space    used 8972K, capacity 9652K, committed 9728K, reserved 1048576K
}
Event: 639,062 GC heap before
{Heap before GC invocations=59 (full 9):
 PSYoungGen      total 429568K, used 429226K [0x00000000e0000000, 0x0000000100000000, 0x0000000100000000)
  eden space 364544K, 100% used [0x00000000e0000000,0x00000000f6400000,0x00000000f6400000)
  from space 65024K, 99% used [0x00000000f6400000,0x00000000fa32abb8,0x00000000fa380000)
  to   space 85504K, 0% used [0x00000000fac80000,0x00000000fac80000,0x0000000100000000)
 ParOldGen       total 286720K, used 206521K [0x00000000a0000000, 0x00000000b1800000, 0x00000000e0000000)
  object space 286720K, 72% used [0x00000000a0000000,0x00000000ac9ae610,0x00000000b1800000)
 Metaspace       used 72638K, capacity 76836K, committed 77056K, reserved 1116160K
  class space    used 8972K, capacity 9652K, committed 9728K, reserved 1048576K
Event: 639,092 GC heap after
Heap after GC invocations=59 (full 9):
 PSYoungGen      total 427520K, used 68662K [0x00000000e0000000, 0x0000000100000000, 0x0000000100000000)
  eden space 342016K, 0% used [0x00000000e0000000,0x00000000e0000000,0x00000000f4e00000)
  from space 85504K, 80% used [0x00000000fac80000,0x00000000fef8d878,0x0000000100000000)
  to   space 91136K, 0% used [0x00000000f4e00000,0x00000000f4e00000,0x00000000fa700000)
 ParOldGen       total 286720K, used 228740K [0x00000000a0000000, 0x00000000b1800000, 0x00000000e0000000)
  object space 286720K, 79% used [0x00000000a0000000,0x00000000adf61028,0x00000000b1800000)
 Metaspace       used 72638K, capacity 76836K, committed 77056K, reserved 1116160K
  class space    used 8972K, capacity 9652K, committed 9728K, reserved 1048576K
}
Event: 641,494 GC heap before
{Heap before GC invocations=60 (full 9):
 PSYoungGen      total 427520K, used 410678K [0x00000000e0000000, 0x0000000100000000, 0x0000000100000000)
  eden space 342016K, 100% used [0x00000000e0000000,0x00000000f4e00000,0x00000000f4e00000)
  from space 85504K, 80% used [0x00000000fac80000,0x00000000fef8d878,0x0000000100000000)
  to   space 91136K, 0% used [0x00000000f4e00000,0x00000000f4e00000,0x00000000fa700000)
 ParOldGen       total 286720K, used 228740K [0x00000000a0000000, 0x00000000b1800000, 0x00000000e0000000)
  object space 286720K, 79% used [0x00000000a0000000,0x00000000adf61028,0x00000000b1800000)
 Metaspace       used 72638K, capacity 76836K, committed 77056K, reserved 1116160K
  class space    used 8972K, capacity 9652K, committed 9728K, reserved 1048576K
Event: 641,624 GC heap after
Heap after GC invocations=60 (full 9):
 PSYoungGen      total 433152K, used 47339K [0x00000000e0000000, 0x00000000ffe80000, 0x0000000100000000)
  eden space 342016K, 0% used [0x00000000e0000000,0x00000000e0000000,0x00000000f4e00000)
  from space 91136K, 51% used [0x00000000f4e00000,0x00000000f7c3ad80,0x00000000fa700000)
  to   space 87552K, 0% used [0x00000000fa900000,0x00000000fa900000,0x00000000ffe80000)
 ParOldGen       total 286720K, used 251493K [0x00000000a0000000, 0x00000000b1800000, 0x00000000e0000000)
  object space 286720K, 87% used [0x00000000a0000000,0x00000000af5997c8,0x00000000b1800000)
 Metaspace       used 72638K, capacity 76836K, committed 77056K, reserved 1116160K
  class space    used 8972K, capacity 9652K, committed 9728K, reserved 1048576K
}
Event: 641,720 GC heap before
{Heap before GC invocations=61 (full 10):
 PSYoungGen      total 433152K, used 47339K [0x00000000e0000000, 0x00000000ffe80000, 0x0000000100000000)
  eden space 342016K, 0% used [0x00000000e0000000,0x00000000e0000000,0x00000000f4e00000)
  from space 91136K, 51% used [0x00000000f4e00000,0x00000000f7c3ad80,0x00000000fa700000)
  to   space 87552K, 0% used [0x00000000fa900000,0x00000000fa900000,0x00000000ffe80000)
 ParOldGen       total 286720K, used 251493K [0x00000000a0000000, 0x00000000b1800000, 0x00000000e0000000)
  object space 286720K, 87% used [0x00000000a0000000,0x00000000af5997c8,0x00000000b1800000)
 Metaspace       used 72638K, capacity 76836K, committed 77056K, reserved 1116160K
  class space    used 8972K, capacity 9652K, committed 9728K, reserved 1048576K

